07/12/2024 11:26:49 PM Asia/Manila - GET by ::1 in /favicon.ico 404 8.269 ms - content length 150 bytes
07/15/2024 11:57:00 PM Asia/Manila - GET by ::1 in /favicon.ico 404 8.230 ms - content length 150 bytes
07/15/2024 11:59:03 PM Asia/Manila - GET by ::1 in /pvfiles/interactions.log 404 2.823 ms - content length 163 bytes
07/16/2024 12:02:55 AM Asia/Manila - GET by ::1 in /pvfiles/interactions.log 500 3.736 ms - content length 30 bytes
07/16/2024 12:02:57 AM Asia/Manila - GET by ::1 in /pvfiles/interactions.log 500 1.684 ms - content length 30 bytes
07/16/2024 12:02:57 AM Asia/Manila - GET by ::1 in /pvfiles/interactions.log 500 1.641 ms - content length 30 bytes
07/16/2024 12:02:57 AM Asia/Manila - GET by ::1 in /pvfiles/interactions.log 500 1.153 ms - content length 30 bytes
07/16/2024 12:03:10 AM Asia/Manila - GET by ::1 in /pvfiles/interactions.log 403 10.180 ms - content length 1292 bytes
07/16/2024 12:04:50 AM Asia/Manila - GET by ::1 in /pvfiles/interactions.log 404 2.867 ms - content length 15 bytes
07/16/2024 12:05:54 AM Asia/Manila - GET by ::1 in /pvfiles/interactions.log 403 11.977 ms - content length 1292 bytes
07/16/2024 12:12:28 AM Asia/Manila - GET by ::1 in /pvfiles/interactions.log 500 2.695 ms - content length 30 bytes
07/16/2024 12:12:39 AM Asia/Manila - GET by ::1 in /pvfiles/interactions.log 200 16.839 ms - content length 1259 bytes
07/16/2024 1:35:52 PM Asia/Manila - GET by ::1 in /pvfiles/interactions.log 200 79.395 ms - content length 1378 bytes
07/16/2024 1:35:52 PM Asia/Manila - GET by ::1 in /favicon.ico 404 1.307 ms - content length 150 bytes
07/16/2024 1:48:36 PM Asia/Manila - GET by ::1 in / 200 2.457 ms - content length 990 bytes
07/16/2024 1:50:04 PM Asia/Manila - GET by ::1 in / 200 2.140 ms - content length 992 bytes
07/16/2024 1:50:05 PM Asia/Manila - GET by ::1 in / 304 0.524 ms - content length - bytes
07/16/2024 1:50:05 PM Asia/Manila - GET by ::1 in / 304 0.539 ms - content length - bytes
07/16/2024 1:50:05 PM Asia/Manila - GET by ::1 in / 304 0.719 ms - content length - bytes
07/16/2024 1:50:05 PM Asia/Manila - GET by ::1 in / 304 0.498 ms - content length - bytes
07/16/2024 1:50:05 PM Asia/Manila - GET by ::1 in / 304 0.529 ms - content length - bytes
07/16/2024 1:51:42 PM Asia/Manila - GET by ::1 in / 304 2.734 ms - content length - bytes
07/16/2024 1:51:43 PM Asia/Manila - GET by ::1 in / 304 0.547 ms - content length - bytes
07/16/2024 1:51:43 PM Asia/Manila - GET by ::1 in / 304 0.656 ms - content length - bytes
07/16/2024 1:51:43 PM Asia/Manila - GET by ::1 in / 304 0.765 ms - content length - bytes
07/16/2024 1:51:52 PM Asia/Manila - GET by ::1 in / 200 2.438 ms - content length 993 bytes
07/16/2024 1:51:53 PM Asia/Manila - GET by ::1 in / 304 1.306 ms - content length - bytes
07/16/2024 1:51:53 PM Asia/Manila - GET by ::1 in / 304 0.346 ms - content length - bytes
07/16/2024 1:52:16 PM Asia/Manila - GET by ::1 in / 200 2.155 ms - content length 1045 bytes
07/16/2024 1:53:07 PM Asia/Manila - GET by ::1 in / 200 2.619 ms - content length 1038 bytes
07/16/2024 1:53:50 PM Asia/Manila - GET by ::1 in / 304 0.726 ms - content length - bytes
07/16/2024 1:53:56 PM Asia/Manila - GET by ::1 in / 200 2.433 ms - content length 1066 bytes
07/16/2024 1:53:57 PM Asia/Manila - GET by ::1 in / 304 1.456 ms - content length - bytes
07/16/2024 1:53:57 PM Asia/Manila - GET by ::1 in / 304 0.330 ms - content length - bytes
07/16/2024 1:54:16 PM Asia/Manila - GET by ::1 in / 304 0.498 ms - content length - bytes
07/16/2024 1:54:33 PM Asia/Manila - GET by ::1 in / 200 2.300 ms - content length 1005 bytes
07/16/2024 2:20:13 PM Asia/Manila - GET by ::1 in / 304 0.847 ms - content length - bytes
07/16/2024 2:20:13 PM Asia/Manila - GET by ::1 in /favicon.ico 404 4.659 ms - content length 150 bytes
07/16/2024 2:20:25 PM Asia/Manila - GET by ::1 in / 200 1.857 ms - content length 1213 bytes
07/16/2024 2:20:27 PM Asia/Manila - GET by ::1 in /api 404 1.808 ms - content length 142 bytes
07/16/2024 2:21:17 PM Asia/Manila - GET by ::1 in / 304 1.084 ms - content length - bytes
07/16/2024 2:21:18 PM Asia/Manila - GET by ::1 in / 304 0.739 ms - content length - bytes
07/16/2024 2:21:18 PM Asia/Manila - GET by ::1 in / 304 0.449 ms - content length - bytes
07/16/2024 2:21:18 PM Asia/Manila - GET by ::1 in / 304 0.484 ms - content length - bytes
07/16/2024 2:21:18 PM Asia/Manila - GET by ::1 in / 304 0.284 ms - content length - bytes
07/16/2024 2:21:18 PM Asia/Manila - GET by ::1 in / 304 0.417 ms - content length - bytes
07/16/2024 2:21:19 PM Asia/Manila - GET by ::1 in / 304 0.234 ms - content length - bytes
07/16/2024 2:23:27 PM Asia/Manila - GET by ::1 in / 200 2.828 ms - content length 1291 bytes
08/01/2024 8:58:52 PM Asia/Manila - GET by ::ffff:127.0.0.1 in / 304 2.347 ms - content length - bytes
08/01/2024 8:58:52 PM Asia/Manila - GET by ::ffff:127.0.0.1 in /favicon.ico 404 2.468 ms - content length 150 bytes
08/01/2024 9:00:35 PM Asia/Manila - GET by ::1 in / 304 0.388 ms - content length - bytes
08/01/2024 9:03:12 PM Asia/Manila - GET by ::1 in / 200 3.346 ms - content length 1121 bytes
08/01/2024 9:03:13 PM Asia/Manila - GET by ::1 in / 304 0.611 ms - content length - bytes
08/01/2024 9:03:13 PM Asia/Manila - GET by ::1 in / 304 0.242 ms - content length - bytes
08/01/2024 9:03:13 PM Asia/Manila - GET by ::1 in / 304 0.352 ms - content length - bytes
08/01/2024 9:03:13 PM Asia/Manila - GET by ::1 in / 304 0.234 ms - content length - bytes
08/01/2024 9:03:14 PM Asia/Manila - GET by ::1 in / 304 0.668 ms - content length - bytes
08/01/2024 9:03:14 PM Asia/Manila - GET by ::1 in / 304 0.261 ms - content length - bytes
08/01/2024 9:03:25 PM Asia/Manila - GET by ::1 in / 304 0.335 ms - content length - bytes
08/01/2024 9:03:35 PM Asia/Manila - GET by ::1 in / 200 3.455 ms - content length 1296 bytes
08/01/2024 9:03:37 PM Asia/Manila - GET by ::1 in /api 404 1.544 ms - content length 142 bytes
08/01/2024 9:05:32 PM Asia/Manila - GET by ::1 in / 404 2.687 ms - content length 1121 bytes
08/01/2024 9:05:33 PM Asia/Manila - GET by ::1 in / 404 1.100 ms - content length 1121 bytes
08/01/2024 9:05:33 PM Asia/Manila - GET by ::1 in / 404 0.458 ms - content length 1121 bytes
08/01/2024 9:05:33 PM Asia/Manila - GET by ::1 in / 404 0.299 ms - content length 1121 bytes
08/01/2024 9:05:33 PM Asia/Manila - GET by ::1 in / 404 0.204 ms - content length 1121 bytes
08/01/2024 9:05:34 PM Asia/Manila - GET by ::1 in / 404 0.210 ms - content length 1121 bytes
08/01/2024 9:05:34 PM Asia/Manila - GET by ::1 in / 404 0.938 ms - content length 1121 bytes
08/01/2024 9:05:34 PM Asia/Manila - GET by ::1 in / 404 0.222 ms - content length 1121 bytes
08/01/2024 9:05:34 PM Asia/Manila - GET by ::1 in / 404 0.396 ms - content length 1121 bytes
08/01/2024 9:05:35 PM Asia/Manila - GET by ::1 in / 404 0.335 ms - content length 1121 bytes
08/01/2024 9:10:42 PM Asia/Manila - GET by ::1 in / 200 2.436 ms - content length 1296 bytes
08/01/2024 9:10:44 PM Asia/Manila - GET by ::1 in /api 404 1.794 ms - content length 142 bytes
08/01/2024 9:10:49 PM Asia/Manila - GET by ::1 in /404 404 0.645 ms - content length 1121 bytes
08/01/2024 9:10:53 PM Asia/Manila - GET by ::1 in /q 404 0.452 ms - content length 140 bytes
08/03/2024 1:44:29 PM Asia/Manila - GET by ::1 in / 304 4.775 ms - content length - bytes
08/03/2024 1:44:30 PM Asia/Manila - GET by ::1 in /favicon.ico 404 6.859 ms - content length 150 bytes
06/10/2025 1:41:28 AM Asia/Manila - GET by ::ffff:127.0.0.1 in / 200 12.643 ms - content length 1296 bytes
06/10/2025 1:41:28 AM Asia/Manila - GET by ::ffff:127.0.0.1 in /favicon.ico 404 2.969 ms - content length 150 bytes
06/18/2025 12:12:56 AM Asia/Manila - GET by ::1 in / 200 2.720 ms - content length 416 bytes
06/18/2025 12:12:56 AM Asia/Manila - GET by ::1 in /global/css/style.css 404 4.068 ms - content length 159 bytes
06/18/2025 12:12:56 AM Asia/Manila - GET by ::1 in /global/fonts/Genshin-Font.woff2 404 1.214 ms - content length 170 bytes
06/18/2025 12:12:56 AM Asia/Manila - GET by ::1 in /global/images/sob.ico 404 1.026 ms - content length 160 bytes
06/18/2025 12:13:22 AM Asia/Manila - GET by ::1 in /global/css/style.css 404 0.715 ms - content length 159 bytes
06/18/2025 12:14:05 AM Asia/Manila - GET by ::1 in / 304 2.673 ms - content length - bytes
06/18/2025 12:14:06 AM Asia/Manila - GET by ::1 in /global/css/style.css 404 3.815 ms - content length 159 bytes
06/18/2025 12:14:06 AM Asia/Manila - GET by ::1 in /global/fonts/Genshin-Font.woff2 404 4.826 ms - content length 170 bytes
06/18/2025 12:14:06 AM Asia/Manila - GET by ::1 in / 304 0.303 ms - content length - bytes
06/18/2025 12:14:06 AM Asia/Manila - GET by ::1 in /global/css/style.css 404 0.449 ms - content length 159 bytes
06/18/2025 12:14:06 AM Asia/Manila - GET by ::1 in /global/fonts/Genshin-Font.woff2 404 0.377 ms - content length 170 bytes
06/18/2025 12:14:18 AM Asia/Manila - GET by ::1 in /global/css/style.css 404 0.428 ms - content length 159 bytes
06/18/2025 12:16:28 AM Asia/Manila - GET by ::1 in / 304 2.604 ms - content length - bytes
06/18/2025 12:16:28 AM Asia/Manila - GET by ::1 in /global/css/style.css 404 4.107 ms - content length 159 bytes
06/18/2025 12:16:28 AM Asia/Manila - GET by ::1 in /global/fonts/Genshin-Font.woff2 404 5.131 ms - content length 170 bytes
06/18/2025 12:16:36 AM Asia/Manila - GET by ::1 in /global/css/style.css 404 0.364 ms - content length 159 bytes
06/18/2025 12:17:13 AM Asia/Manila - GET by ::1 in /global/images/sob.ico 404 0.399 ms - content length 160 bytes
06/18/2025 12:17:15 AM Asia/Manila - GET by ::1 in / 304 0.320 ms - content length - bytes
06/18/2025 12:17:15 AM Asia/Manila - GET by ::1 in /global/css/style.css 404 0.336 ms - content length 159 bytes
06/18/2025 12:17:15 AM Asia/Manila - GET by ::1 in /global/fonts/Genshin-Font.woff2 404 0.708 ms - content length 170 bytes
06/18/2025 12:23:40 AM Asia/Manila - GET by ::1 in /favicon.ico 404 2.609 ms - content length 150 bytes
06/18/2025 12:23:43 AM Asia/Manila - GET by ::1 in / 304 0.874 ms - content length - bytes
06/18/2025 12:27:00 AM Asia/Manila - GET by ::1 in / 200 3.800 ms - content length 454 bytes
06/18/2025 12:27:01 AM Asia/Manila - GET by ::1 in / 304 0.310 ms - content length - bytes
06/18/2025 12:27:23 AM Asia/Manila - GET by ::1 in / 200 5.480 ms - content length 437 bytes
06/18/2025 12:29:01 AM Asia/Manila - GET by ::1 in / 304 1.164 ms - content length - bytes
06/18/2025 12:29:19 AM Asia/Manila - GET by ::1 in / 200 3.024 ms - content length 463 bytes
06/18/2025 12:29:19 AM Asia/Manila - GET by ::1 in / 304 0.285 ms - content length - bytes
06/18/2025 12:29:20 AM Asia/Manila - GET by ::1 in / 304 0.351 ms - content length - bytes
06/18/2025 12:29:20 AM Asia/Manila - GET by ::1 in / 304 0.200 ms - content length - bytes
06/18/2025 12:32:07 AM Asia/Manila - GET by ::1 in / 304 0.292 ms - content length - bytes
06/18/2025 12:32:25 AM Asia/Manila - GET by ::1 in /a 404 1.408 ms - content length 140 bytes
06/18/2025 12:35:25 AM Asia/Manila - GET by ::1 in / 304 2.003 ms - content length - bytes
06/18/2025 12:35:27 AM Asia/Manila - GET by ::1 in /a 404 1.926 ms - content length 140 bytes
06/18/2025 12:40:36 AM Asia/Manila - GET by ::1 in /pvfiles/interactions.log?passwd=p1f24rf0frVxiiXkEPq6QJXUEQPKBNk3vNQrl0bIyk4Q6naGMiHwRjgpdJtJq 500 4.297 ms - content length 50 bytes
06/18/2025 12:40:36 AM Asia/Manila - GET by ::1 in /favicon.ico 404 2.552 ms - content length 150 bytes
06/18/2025 12:41:09 AM Asia/Manila - GET by ::1 in /pvfiles/interactions.log 200 1220.764 ms - content length 11441 bytes
06/18/2025 12:44:48 AM Asia/Manila - GET by ::1 in /pvfiles/interactions.log 500 5.063 ms - content length 30 bytes
06/18/2025 12:44:52 AM Asia/Manila - GET by ::1 in / 304 0.988 ms - content length - bytes
